{"/Users/dylankhiewtienjie/Developer/github-trending-repos/__tests__/src/components/__snapshots__/AccordionBody.test.tsx.snap": {"path":"/Users/dylankhiewtienjie/Developer/github-trending-repos/__tests__/src/components/__snapshots__/AccordionBody.test.tsx.snap","statementMap":{"0":{"start":{"line":3,"column":0},"end":{"line":138,"column":2}}},"fnMap":{},"branchMap":{},"s":{"0":0},"f":{},"b":{},"inputSourceMap":null}
,"/Users/dylankhiewtienjie/Developer/github-trending-repos/__tests__/src/components/__snapshots__/AccordionHead.test.tsx.snap": {"path":"/Users/dylankhiewtienjie/Developer/github-trending-repos/__tests__/src/components/__snapshots__/AccordionHead.test.tsx.snap","statementMap":{"0":{"start":{"line":3,"column":0},"end":{"line":60,"column":2}}},"fnMap":{},"branchMap":{},"s":{"0":0},"f":{},"b":{},"inputSourceMap":null}
,"/Users/dylankhiewtienjie/Developer/github-trending-repos/__tests__/src/components/__snapshots__/AccordionHeadSkeleton.test.tsx.snap": {"path":"/Users/dylankhiewtienjie/Developer/github-trending-repos/__tests__/src/components/__snapshots__/AccordionHeadSkeleton.test.tsx.snap","statementMap":{"0":{"start":{"line":3,"column":0},"end":{"line":58,"column":2}}},"fnMap":{},"branchMap":{},"s":{"0":0},"f":{},"b":{},"inputSourceMap":null}
,"/Users/dylankhiewtienjie/Developer/github-trending-repos/__tests__/src/components/__snapshots__/ErrorModule.test.tsx.snap": {"path":"/Users/dylankhiewtienjie/Developer/github-trending-repos/__tests__/src/components/__snapshots__/ErrorModule.test.tsx.snap","statementMap":{"0":{"start":{"line":3,"column":0},"end":{"line":117,"column":2}}},"fnMap":{},"branchMap":{},"s":{"0":0},"f":{},"b":{},"inputSourceMap":null}
,"/Users/dylankhiewtienjie/Developer/github-trending-repos/__tests__/src/components/__snapshots__/HeaderButton.test.tsx.snap": {"path":"/Users/dylankhiewtienjie/Developer/github-trending-repos/__tests__/src/components/__snapshots__/HeaderButton.test.tsx.snap","statementMap":{"0":{"start":{"line":3,"column":0},"end":{"line":48,"column":2}}},"fnMap":{},"branchMap":{},"s":{"0":0},"f":{},"b":{},"inputSourceMap":null}
,"/Users/dylankhiewtienjie/Developer/github-trending-repos/__tests__/src/components/__snapshots__/RefreshIcon.test.tsx.snap": {"path":"/Users/dylankhiewtienjie/Developer/github-trending-repos/__tests__/src/components/__snapshots__/RefreshIcon.test.tsx.snap","statementMap":{"0":{"start":{"line":3,"column":0},"end":{"line":38,"column":2}}},"fnMap":{},"branchMap":{},"s":{"0":0},"f":{},"b":{},"inputSourceMap":null}
,"/Users/dylankhiewtienjie/Developer/github-trending-repos/__tests__/src/components/__snapshots__/SkeletonLoadingModule.test.tsx.snap": {"path":"/Users/dylankhiewtienjie/Developer/github-trending-repos/__tests__/src/components/__snapshots__/SkeletonLoadingModule.test.tsx.snap","statementMap":{"0":{"start":{"line":3,"column":0},"end":{"line":556,"column":2}}},"fnMap":{},"branchMap":{},"s":{"0":0},"f":{},"b":{},"inputSourceMap":null}
,"/Users/dylankhiewtienjie/Developer/github-trending-repos/src/components/AccordionBody.tsx": {"path":"/Users/dylankhiewtienjie/Developer/github-trending-repos/src/components/AccordionBody.tsx","statementMap":{"0":{"start":{"line":15,"column":4},"end":{"line":15,"column":14}},"1":{"start":{"line":16,"column":26},"end":{"line":16,"column":57}},"2":{"start":{"line":18,"column":2},"end":{"line":38,"column":4}},"3":{"start":{"line":41,"column":15},"end":{"line":83,"column":2}}},"fnMap":{"0":{"name":"AccordionBody","decl":{"start":{"line":11,"column":24},"end":{"line":11,"column":37}},"loc":{"start":{"line":13,"column":36},"end":{"line":39,"column":1}},"line":13}},"branchMap":{"0":{"loc":{"start":{"line":16,"column":29},"end":{"line":16,"column":46}},"type":"binary-expr","locations":[{"start":{"line":16,"column":29},"end":{"line":16,"column":40}},{"start":{"line":16,"column":44},"end":{"line":16,"column":46}}],"line":16}},"s":{"0":1,"1":1,"2":1,"3":1},"f":{"0":1},"b":{"0":[1,0]},"_coverageSchema":"1a1c01bbd47fc00a2c39e90264f33305004495a9","hash":"3c5abbc055a5aea160042e857294c55d6eab5e63"}
,"/Users/dylankhiewtienjie/Developer/github-trending-repos/src/components/AccordionHead.tsx": {"path":"/Users/dylankhiewtienjie/Developer/github-trending-repos/src/components/AccordionHead.tsx","statementMap":{"0":{"start":{"line":12,"column":48},"end":{"line":12,"column":58}},"1":{"start":{"line":15,"column":17},"end":{"line":15,"column":34}},"2":{"start":{"line":17,"column":2},"end":{"line":25,"column":4}},"3":{"start":{"line":28,"column":15},"end":{"line":54,"column":2}}},"fnMap":{"0":{"name":"AccordionHead","decl":{"start":{"line":9,"column":24},"end":{"line":9,"column":37}},"loc":{"start":{"line":11,"column":36},"end":{"line":26,"column":1}},"line":11}},"branchMap":{},"s":{"0":1,"1":1,"2":1,"3":1},"f":{"0":1},"b":{},"_coverageSchema":"1a1c01bbd47fc00a2c39e90264f33305004495a9","hash":"40d8d44faf91665183fa1513ddb6ebaeec0a8b1f"}
,"/Users/dylankhiewtienjie/Developer/github-trending-repos/src/components/AccordionHeadSkeleton.tsx": {"path":"/Users/dylankhiewtienjie/Developer/github-trending-repos/src/components/AccordionHeadSkeleton.tsx","statementMap":{"0":{"start":{"line":7,"column":2},"end":{"line":15,"column":4}},"1":{"start":{"line":18,"column":15},"end":{"line":51,"column":2}}},"fnMap":{"0":{"name":"AccordionHeadSkeleton","decl":{"start":{"line":6,"column":24},"end":{"line":6,"column":45}},"loc":{"start":{"line":6,"column":61},"end":{"line":16,"column":1}},"line":6}},"branchMap":{},"s":{"0":11,"1":2},"f":{"0":11},"b":{},"_coverageSchema":"1a1c01bbd47fc00a2c39e90264f33305004495a9","hash":"59144a8b5915676f0685561cf317e44caa2287c6"}
,"/Users/dylankhiewtienjie/Developer/github-trending-repos/src/components/ErrorModule.tsx": {"path":"/Users/dylankhiewtienjie/Developer/github-trending-repos/src/components/ErrorModule.tsx","statementMap":{"0":{"start":{"line":28,"column":2},"end":{"line":43,"column":4}},"1":{"start":{"line":46,"column":15},"end":{"line":93,"column":2}}},"fnMap":{"0":{"name":"ErrorModule","decl":{"start":{"line":21,"column":24},"end":{"line":21,"column":35}},"loc":{"start":{"line":27,"column":34},"end":{"line":44,"column":1}},"line":27}},"branchMap":{},"s":{"0":1,"1":1},"f":{"0":1},"b":{},"_coverageSchema":"1a1c01bbd47fc00a2c39e90264f33305004495a9","hash":"04b88d570c7798aa29287e8b2758df44ccfad333"}
,"/Users/dylankhiewtienjie/Developer/github-trending-repos/src/components/HeaderButton.tsx": {"path":"/Users/dylankhiewtienjie/Developer/github-trending-repos/src/components/HeaderButton.tsx","statementMap":{"0":{"start":{"line":18,"column":2},"end":{"line":22,"column":4}},"1":{"start":{"line":25,"column":15},"end":{"line":30,"column":2}}},"fnMap":{"0":{"name":"HeaderButton","decl":{"start":{"line":14,"column":24},"end":{"line":14,"column":36}},"loc":{"start":{"line":17,"column":35},"end":{"line":23,"column":1}},"line":17}},"branchMap":{},"s":{"0":1,"1":1},"f":{"0":1},"b":{},"_coverageSchema":"1a1c01bbd47fc00a2c39e90264f33305004495a9","hash":"390392d7636a4e9d3f6e9aefd79147601fd1561f"}
,"/Users/dylankhiewtienjie/Developer/github-trending-repos/src/components/RefreshIcon.tsx": {"path":"/Users/dylankhiewtienjie/Developer/github-trending-repos/src/components/RefreshIcon.tsx","statementMap":{"0":{"start":{"line":7,"column":2},"end":{"line":11,"column":4}},"1":{"start":{"line":14,"column":15},"end":{"line":39,"column":2}}},"fnMap":{"0":{"name":"RefreshIcon","decl":{"start":{"line":6,"column":24},"end":{"line":6,"column":35}},"loc":{"start":{"line":6,"column":51},"end":{"line":12,"column":1}},"line":6}},"branchMap":{},"s":{"0":1,"1":1},"f":{"0":1},"b":{},"_coverageSchema":"1a1c01bbd47fc00a2c39e90264f33305004495a9","hash":"54bd4bd9dc2253e5a2a2e200b88387cd6517d536"}
,"/Users/dylankhiewtienjie/Developer/github-trending-repos/src/components/SkeletonLoadingModule.tsx": {"path":"/Users/dylankhiewtienjie/Developer/github-trending-repos/src/components/SkeletonLoadingModule.tsx","statementMap":{"0":{"start":{"line":14,"column":26},"end":{"line":18,"column":3}},"1":{"start":{"line":15,"column":4},"end":{"line":17,"column":7}},"2":{"start":{"line":16,"column":6},"end":{"line":16,"column":79}},"3":{"start":{"line":20,"column":2},"end":{"line":22,"column":4}},"4":{"start":{"line":25,"column":15},"end":{"line":33,"column":2}}},"fnMap":{"0":{"name":"SkeletonLoadingModule","decl":{"start":{"line":10,"column":24},"end":{"line":10,"column":45}},"loc":{"start":{"line":13,"column":34},"end":{"line":23,"column":1}},"line":13},"1":{"name":"(anonymous_1)","decl":{"start":{"line":14,"column":26},"end":{"line":14,"column":27}},"loc":{"start":{"line":14,"column":32},"end":{"line":18,"column":3}},"line":14},"2":{"name":"(anonymous_2)","decl":{"start":{"line":15,"column":34},"end":{"line":15,"column":35}},"loc":{"start":{"line":16,"column":6},"end":{"line":16,"column":79}},"line":16}},"branchMap":{},"s":{"0":1,"1":1,"2":10,"3":1,"4":1},"f":{"0":1,"1":1,"2":10},"b":{},"_coverageSchema":"1a1c01bbd47fc00a2c39e90264f33305004495a9","hash":"5d53791dd0286abf7a04185dd5655a03f614ef83"}
,"/Users/dylankhiewtienjie/Developer/github-trending-repos/src/selectors/reposSelectors.ts": {"path":"/Users/dylankhiewtienjie/Developer/github-trending-repos/src/selectors/reposSelectors.ts","statementMap":{"0":{"start":{"line":4,"column":24},"end":{"line":4,"column":51}},"1":{"start":{"line":4,"column":46},"end":{"line":4,"column":51}},"2":{"start":{"line":6,"column":34},"end":{"line":9,"column":1}},"3":{"start":{"line":8,"column":13},"end":{"line":8,"column":24}},"4":{"start":{"line":11,"column":37},"end":{"line":14,"column":1}},"5":{"start":{"line":13,"column":13},"end":{"line":13,"column":32}},"6":{"start":{"line":16,"column":39},"end":{"line":19,"column":1}},"7":{"start":{"line":18,"column":13},"end":{"line":18,"column":30}},"8":{"start":{"line":21,"column":37},"end":{"line":24,"column":1}},"9":{"start":{"line":23,"column":13},"end":{"line":23,"column":28}},"10":{"start":{"line":26,"column":35},"end":{"line":29,"column":1}},"11":{"start":{"line":28,"column":13},"end":{"line":28,"column":26}},"12":{"start":{"line":31,"column":40},"end":{"line":41,"column":1}},"13":{"start":{"line":34,"column":4},"end":{"line":36,"column":5}},"14":{"start":{"line":35,"column":6},"end":{"line":35,"column":18}},"15":{"start":{"line":38,"column":20},"end":{"line":38,"column":28}},"16":{"start":{"line":39,"column":4},"end":{"line":39,"column":58}}},"fnMap":{"0":{"name":"(anonymous_0)","decl":{"start":{"line":4,"column":24},"end":{"line":4,"column":25}},"loc":{"start":{"line":4,"column":46},"end":{"line":4,"column":51}},"line":4},"1":{"name":"(anonymous_1)","decl":{"start":{"line":8,"column":2},"end":{"line":8,"column":3}},"loc":{"start":{"line":8,"column":13},"end":{"line":8,"column":24}},"line":8},"2":{"name":"(anonymous_2)","decl":{"start":{"line":13,"column":2},"end":{"line":13,"column":3}},"loc":{"start":{"line":13,"column":13},"end":{"line":13,"column":32}},"line":13},"3":{"name":"(anonymous_3)","decl":{"start":{"line":18,"column":2},"end":{"line":18,"column":3}},"loc":{"start":{"line":18,"column":13},"end":{"line":18,"column":30}},"line":18},"4":{"name":"(anonymous_4)","decl":{"start":{"line":23,"column":2},"end":{"line":23,"column":3}},"loc":{"start":{"line":23,"column":13},"end":{"line":23,"column":28}},"line":23},"5":{"name":"(anonymous_5)","decl":{"start":{"line":28,"column":2},"end":{"line":28,"column":3}},"loc":{"start":{"line":28,"column":13},"end":{"line":28,"column":26}},"line":28},"6":{"name":"(anonymous_6)","decl":{"start":{"line":33,"column":2},"end":{"line":33,"column":3}},"loc":{"start":{"line":33,"column":19},"end":{"line":40,"column":3}},"line":33}},"branchMap":{"0":{"loc":{"start":{"line":34,"column":4},"end":{"line":36,"column":5}},"type":"if","locations":[{"start":{"line":34,"column":4},"end":{"line":36,"column":5}},{"start":{},"end":{}}],"line":34}},"s":{"0":2,"1":4,"2":2,"3":4,"4":2,"5":1,"6":2,"7":4,"8":2,"9":1,"10":2,"11":1,"12":2,"13":3,"14":1,"15":2,"16":2},"f":{"0":4,"1":4,"2":1,"3":4,"4":1,"5":1,"6":3},"b":{"0":[1,2]},"_coverageSchema":"1a1c01bbd47fc00a2c39e90264f33305004495a9","hash":"782ec792000034c8abe0526a93cecc12bc04bd06"}
,"/Users/dylankhiewtienjie/Developer/github-trending-repos/src/state/reposReducers.ts": {"path":"/Users/dylankhiewtienjie/Developer/github-trending-repos/src/state/reposReducers.ts","statementMap":{"0":{"start":{"line":10,"column":51},"end":{"line":15,"column":1}},"1":{"start":{"line":17,"column":29},"end":{"line":46,"column":1}},"2":{"start":{"line":18,"column":2},"end":{"line":45,"column":6}},"3":{"start":{"line":22,"column":8},"end":{"line":25,"column":10}},"4":{"start":{"line":29,"column":6},"end":{"line":32,"column":8}},"5":{"start":{"line":35,"column":6},"end":{"line":38,"column":8}},"6":{"start":{"line":41,"column":6},"end":{"line":44,"column":8}}},"fnMap":{"0":{"name":"(anonymous_0)","decl":{"start":{"line":17,"column":64},"end":{"line":17,"column":65}},"loc":{"start":{"line":18,"column":2},"end":{"line":45,"column":6}},"line":18},"1":{"name":"(anonymous_1)","decl":{"start":{"line":21,"column":6},"end":{"line":21,"column":7}},"loc":{"start":{"line":21,"column":62},"end":{"line":26,"column":7}},"line":21},"2":{"name":"(anonymous_2)","decl":{"start":{"line":28,"column":29},"end":{"line":28,"column":30}},"loc":{"start":{"line":28,"column":71},"end":{"line":33,"column":5}},"line":28},"3":{"name":"(anonymous_3)","decl":{"start":{"line":34,"column":27},"end":{"line":34,"column":28}},"loc":{"start":{"line":34,"column":70},"end":{"line":39,"column":5}},"line":34},"4":{"name":"(anonymous_4)","decl":{"start":{"line":40,"column":25},"end":{"line":40,"column":26}},"loc":{"start":{"line":40,"column":68},"end":{"line":45,"column":5}},"line":40}},"branchMap":{},"s":{"0":2,"1":2,"2":2,"3":1,"4":1,"5":1,"6":1},"f":{"0":2,"1":1,"2":1,"3":1,"4":1},"b":{},"_coverageSchema":"1a1c01bbd47fc00a2c39e90264f33305004495a9","hash":"5375b659541691ee4569dc6f9d7e3693ed1e99e4"}
,"/Users/dylankhiewtienjie/Developer/github-trending-repos/src/state/rootReducer.ts": {"path":"/Users/dylankhiewtienjie/Developer/github-trending-repos/src/state/rootReducer.ts","statementMap":{"0":{"start":{"line":5,"column":27},"end":{"line":7,"column":2}}},"fnMap":{},"branchMap":{},"s":{"0":1},"f":{},"b":{},"_coverageSchema":"1a1c01bbd47fc00a2c39e90264f33305004495a9","hash":"0968d4a3c2f73e0489c4ac1b9e7a727b2928fa78"}
,"/Users/dylankhiewtienjie/Developer/github-trending-repos/src/state/store.ts": {"path":"/Users/dylankhiewtienjie/Developer/github-trending-repos/src/state/store.ts","statementMap":{"0":{"start":{"line":10,"column":22},"end":{"line":13,"column":1}},"1":{"start":{"line":15,"column":25},"end":{"line":15,"column":67}},"2":{"start":{"line":17,"column":23},"end":{"line":17,"column":45}},"3":{"start":{"line":19,"column":21},"end":{"line":22,"column":2}},"4":{"start":{"line":24,"column":0},"end":{"line":24,"column":29}},"5":{"start":{"line":26,"column":25},"end":{"line":26,"column":44}},"6":{"start":{"line":29,"column":32},"end":{"line":29,"column":77}},"7":{"start":{"line":29,"column":51},"end":{"line":29,"column":77}}},"fnMap":{"0":{"name":"(anonymous_0)","decl":{"start":{"line":29,"column":32},"end":{"line":29,"column":33}},"loc":{"start":{"line":29,"column":51},"end":{"line":29,"column":77}},"line":29}},"branchMap":{},"s":{"0":1,"1":1,"2":1,"3":1,"4":1,"5":1,"6":1,"7":0},"f":{"0":0},"b":{},"_coverageSchema":"1a1c01bbd47fc00a2c39e90264f33305004495a9","hash":"a5a36860bf007cdc9d9849d1130fe78e22b8a38c"}
}
