TN:
SF:__tests__/src/components/__snapshots__/AccordionBody.test.tsx.snap
FNF:0
FNH:0
DA:3,0
LF:1
LH:0
BRF:0
BRH:0
end_of_record
TN:
SF:__tests__/src/components/__snapshots__/AccordionHead.test.tsx.snap
FNF:0
FNH:0
DA:3,0
LF:1
LH:0
BRF:0
BRH:0
end_of_record
TN:
SF:__tests__/src/components/__snapshots__/AccordionHeadSkeleton.test.tsx.snap
FNF:0
FNH:0
DA:3,0
LF:1
LH:0
BRF:0
BRH:0
end_of_record
TN:
SF:__tests__/src/components/__snapshots__/ErrorModule.test.tsx.snap
FNF:0
FNH:0
DA:3,0
LF:1
LH:0
BRF:0
BRH:0
end_of_record
TN:
SF:__tests__/src/components/__snapshots__/HeaderButton.test.tsx.snap
FNF:0
FNH:0
DA:3,0
LF:1
LH:0
BRF:0
BRH:0
end_of_record
TN:
SF:__tests__/src/components/__snapshots__/RefreshIcon.test.tsx.snap
FNF:0
FNH:0
DA:3,0
LF:1
LH:0
BRF:0
BRH:0
end_of_record
TN:
SF:__tests__/src/components/__snapshots__/SkeletonLoadingModule.test.tsx.snap
FNF:0
FNH:0
DA:3,0
LF:1
LH:0
BRF:0
BRH:0
end_of_record
TN:
SF:src/components/AccordionBody.tsx
FN:11,AccordionBody
FNF:1
FNH:1
FNDA:1,AccordionBody
DA:15,1
DA:16,1
DA:18,1
DA:41,1
LF:4
LH:4
BRDA:16,0,0,1
BRDA:16,0,1,0
BRF:2
BRH:1
end_of_record
TN:
SF:src/components/AccordionHead.tsx
FN:9,AccordionHead
FNF:1
FNH:1
FNDA:1,AccordionHead
DA:12,1
DA:15,1
DA:17,1
DA:28,1
LF:4
LH:4
BRF:0
BRH:0
end_of_record
TN:
SF:src/components/AccordionHeadSkeleton.tsx
FN:6,AccordionHeadSkeleton
FNF:1
FNH:1
FNDA:11,AccordionHeadSkeleton
DA:7,11
DA:18,2
LF:2
LH:2
BRF:0
BRH:0
end_of_record
TN:
SF:src/components/ErrorModule.tsx
FN:21,ErrorModule
FNF:1
FNH:1
FNDA:1,ErrorModule
DA:28,1
DA:46,1
LF:2
LH:2
BRF:0
BRH:0
end_of_record
TN:
SF:src/components/HeaderButton.tsx
FN:14,HeaderButton
FNF:1
FNH:1
FNDA:1,HeaderButton
DA:18,1
DA:25,1
LF:2
LH:2
BRF:0
BRH:0
end_of_record
TN:
SF:src/components/RefreshIcon.tsx
FN:6,RefreshIcon
FNF:1
FNH:1
FNDA:1,RefreshIcon
DA:7,1
DA:14,1
LF:2
LH:2
BRF:0
BRH:0
end_of_record
TN:
SF:src/components/SkeletonLoadingModule.tsx
FN:10,SkeletonLoadingModule
FN:14,(anonymous_1)
FN:15,(anonymous_2)
FNF:3
FNH:3
FNDA:1,SkeletonLoadingModule
FNDA:1,(anonymous_1)
FNDA:10,(anonymous_2)
DA:14,1
DA:15,1
DA:16,10
DA:20,1
DA:25,1
LF:5
LH:5
BRF:0
BRH:0
end_of_record
TN:
SF:src/selectors/reposSelectors.ts
FN:4,(anonymous_0)
FN:8,(anonymous_1)
FN:13,(anonymous_2)
FN:18,(anonymous_3)
FN:23,(anonymous_4)
FN:28,(anonymous_5)
FN:33,(anonymous_6)
FNF:7
FNH:7
FNDA:4,(anonymous_0)
FNDA:4,(anonymous_1)
FNDA:1,(anonymous_2)
FNDA:4,(anonymous_3)
FNDA:1,(anonymous_4)
FNDA:1,(anonymous_5)
FNDA:3,(anonymous_6)
DA:4,4
DA:6,2
DA:8,4
DA:11,2
DA:13,1
DA:16,2
DA:18,4
DA:21,2
DA:23,1
DA:26,2
DA:28,1
DA:31,2
DA:34,3
DA:35,1
DA:38,2
DA:39,2
LF:16
LH:16
BRDA:34,0,0,1
BRDA:34,0,1,2
BRF:2
BRH:2
end_of_record
TN:
SF:src/state/reposReducers.ts
FN:17,(anonymous_0)
FN:21,(anonymous_1)
FN:28,(anonymous_2)
FN:34,(anonymous_3)
FN:40,(anonymous_4)
FNF:5
FNH:5
FNDA:2,(anonymous_0)
FNDA:1,(anonymous_1)
FNDA:1,(anonymous_2)
FNDA:1,(anonymous_3)
FNDA:1,(anonymous_4)
DA:10,2
DA:17,2
DA:18,2
DA:22,1
DA:29,1
DA:35,1
DA:41,1
LF:7
LH:7
BRF:0
BRH:0
end_of_record
TN:
SF:src/state/rootReducer.ts
FNF:0
FNH:0
DA:5,1
LF:1
LH:1
BRF:0
BRH:0
end_of_record
TN:
SF:src/state/store.ts
FN:29,(anonymous_0)
FNF:1
FNH:0
FNDA:0,(anonymous_0)
DA:10,1
DA:15,1
DA:17,1
DA:19,1
DA:24,1
DA:26,1
DA:29,1
LF:7
LH:7
BRF:0
BRH:0
end_of_record
